<?xml version="1.0" encoding="UTF-8"?>
<testng-results ignored="0" total="2" passed="1" failed="1" skipped="0">
  <reporter-output>
  </reporter-output>
  <suite started-at="2021-10-04T18:04:10 IST" name="Waether Comparison" finished-at="2021-10-04T18:06:37 IST" duration-ms="147247">
    <groups>
    </groups>
    <test started-at="2021-10-04T18:04:10 IST" name="Regression" finished-at="2021-10-04T18:06:37 IST" duration-ms="147247">
      <class name="com.test.WeatherComparisonTest">
        <test-method is-config="true" signature="openBrowser()[pri:0, instance:com.test.WeatherComparisonTest@71687585]" started-at="2021-10-04T18:04:10 IST" name="openBrowser" finished-at="2021-10-04T18:04:54 IST" duration-ms="44778" status="PASS">
          <reporter-output>
          </reporter-output>
        </test-method> <!-- openBrowser -->
        <test-method signature="compareWeatherWithinRange()[pri:1, instance:com.test.WeatherComparisonTest@71687585]" started-at="2021-10-04T18:04:54 IST" name="compareWeatherWithinRange" finished-at="2021-10-04T18:05:02 IST" duration-ms="8055" status="PASS">
          <reporter-output>
          </reporter-output>
        </test-method> <!-- compareWeatherWithinRange -->
        <test-method is-config="true" signature="closeBrowser()[pri:0, instance:com.test.WeatherComparisonTest@71687585]" started-at="2021-10-04T18:05:02 IST" name="closeBrowser" finished-at="2021-10-04T18:05:03 IST" duration-ms="812" status="PASS">
          <reporter-output>
          </reporter-output>
        </test-method> <!-- closeBrowser -->
        <test-method is-config="true" signature="openBrowser()[pri:0, instance:com.test.WeatherComparisonTest@71687585]" started-at="2021-10-04T18:05:03 IST" name="openBrowser" finished-at="2021-10-04T18:06:26 IST" duration-ms="82990" status="PASS">
          <reporter-output>
          </reporter-output>
        </test-method> <!-- openBrowser -->
        <test-method signature="compareWeatherOutsideRange()[pri:2, instance:com.test.WeatherComparisonTest@71687585]" started-at="2021-10-04T18:06:26 IST" name="compareWeatherOutsideRange" finished-at="2021-10-04T18:06:36 IST" duration-ms="9921" status="FAIL">
          <exception class="java.lang.AssertionError">
            <message>
              <![CDATA[Temperature is Outside permissible Range]]>
            </message>
            <full-stacktrace>
              <![CDATA[java.lang.AssertionError: Temperature is Outside permissible Range
at com.test.WeatherComparisonTest.compareWeatherOutsideRange(WeatherComparisonTest.java:56)
at java.base/jdk.internal.reflect.NativeMethodAccessorImpl.invoke0(Native Method)
at java.base/jdk.internal.reflect.NativeMethodAccessorImpl.invoke(NativeMethodAccessorImpl.java:62)
at java.base/jdk.internal.reflect.DelegatingMethodAccessorImpl.invoke(DelegatingMethodAccessorImpl.java:43)
at java.base/java.lang.reflect.Method.invoke(Method.java:566)
at org.testng.internal.MethodInvocationHelper.invokeMethod(MethodInvocationHelper.java:133)
at org.testng.internal.TestInvoker.invokeMethod(TestInvoker.java:584)
at org.testng.internal.TestInvoker.invokeTestMethod(TestInvoker.java:172)
at org.testng.internal.MethodRunner.runInSequence(MethodRunner.java:46)
at org.testng.internal.TestInvoker$MethodInvocationAgent.invoke(TestInvoker.java:804)
at org.testng.internal.TestInvoker.invokeTestMethods(TestInvoker.java:145)
at org.testng.internal.TestMethodWorker.invokeTestMethods(TestMethodWorker.java:146)
at org.testng.internal.TestMethodWorker.run(TestMethodWorker.java:128)
at java.base/java.util.ArrayList.forEach(ArrayList.java:1541)
at org.testng.TestRunner.privateRun(TestRunner.java:770)
at org.testng.TestRunner.run(TestRunner.java:591)
at org.testng.SuiteRunner.runTest(SuiteRunner.java:402)
at org.testng.SuiteRunner.runSequentially(SuiteRunner.java:396)
at org.testng.SuiteRunner.privateRun(SuiteRunner.java:355)
at org.testng.SuiteRunner.run(SuiteRunner.java:304)
at org.testng.SuiteRunnerWorker.runSuite(SuiteRunnerWorker.java:53)
at org.testng.SuiteRunnerWorker.run(SuiteRunnerWorker.java:96)
at org.testng.TestNG.runSuitesSequentially(TestNG.java:1180)
at org.testng.TestNG.runSuitesLocally(TestNG.java:1102)
at org.testng.TestNG.runSuites(TestNG.java:1032)
at org.testng.TestNG.run(TestNG.java:1000)
at org.apache.maven.surefire.testng.TestNGExecutor.run(TestNGExecutor.java:284)
at org.apache.maven.surefire.testng.TestNGXmlTestSuite.execute(TestNGXmlTestSuite.java:75)
at org.apache.maven.surefire.testng.TestNGProvider.invoke(TestNGProvider.java:119)
at org.apache.maven.surefire.booter.ForkedBooter.runSuitesInProcess(ForkedBooter.java:428)
at org.apache.maven.surefire.booter.ForkedBooter.execute(ForkedBooter.java:162)
at org.apache.maven.surefire.booter.ForkedBooter.run(ForkedBooter.java:562)
at org.apache.maven.surefire.booter.ForkedBooter.main(ForkedBooter.java:548)
]]>
            </full-stacktrace>
          </exception> <!-- java.lang.AssertionError -->
          <reporter-output>
          </reporter-output>
        </test-method> <!-- compareWeatherOutsideRange -->
        <test-method is-config="true" signature="closeBrowser()[pri:0, instance:com.test.WeatherComparisonTest@71687585]" started-at="2021-10-04T18:06:36 IST" name="closeBrowser" finished-at="2021-10-04T18:06:37 IST" duration-ms="653" status="PASS">
          <reporter-output>
          </reporter-output>
        </test-method> <!-- closeBrowser -->
      </class> <!-- com.test.WeatherComparisonTest -->
    </test> <!-- Regression -->
  </suite> <!-- Waether Comparison -->
</testng-results>
