<?xml version="1.0" encoding="UTF-8"?>
<testng-results ignored="0" total="2" passed="1" failed="1" skipped="0">
  <reporter-output>
  </reporter-output>
  <suite started-at="2021-10-04T17:49:27 IST" name="Default suite" finished-at="2021-10-04T17:52:03 IST" duration-ms="156778">
    <groups>
    </groups>
    <test started-at="2021-10-04T17:49:27 IST" name="Default test" finished-at="2021-10-04T17:52:03 IST" duration-ms="156778">
      <class name="com.test.WeatherComparisonTest">
        <test-method is-config="true" signature="openBrowser()[pri:0, instance:com.test.WeatherComparisonTest@2c78324b]" started-at="2021-10-04T17:49:27 IST" name="openBrowser" finished-at="2021-10-04T17:50:13 IST" duration-ms="46874" status="PASS">
          <reporter-output>
          </reporter-output>
        </test-method> <!-- openBrowser -->
        <test-method signature="compareWeatherWithinRange()[pri:1, instance:com.test.WeatherComparisonTest@2c78324b]" started-at="2021-10-04T17:50:13 IST" name="compareWeatherWithinRange" finished-at="2021-10-04T17:50:23 IST" duration-ms="9591" status="PASS">
          <reporter-output>
          </reporter-output>
        </test-method> <!-- compareWeatherWithinRange -->
        <test-method is-config="true" signature="closeBrowser()[pri:0, instance:com.test.WeatherComparisonTest@2c78324b]" started-at="2021-10-04T17:50:23 IST" name="closeBrowser" finished-at="2021-10-04T17:50:24 IST" duration-ms="741" status="PASS">
          <reporter-output>
          </reporter-output>
        </test-method> <!-- closeBrowser -->
        <test-method is-config="true" signature="openBrowser()[pri:0, instance:com.test.WeatherComparisonTest@2c78324b]" started-at="2021-10-04T17:50:24 IST" name="openBrowser" finished-at="2021-10-04T17:51:45 IST" duration-ms="81440" status="PASS">
          <reporter-output>
          </reporter-output>
        </test-method> <!-- openBrowser -->
        <test-method signature="compareWeatherOutsideRange()[pri:2, instance:com.test.WeatherComparisonTest@2c78324b]" started-at="2021-10-04T17:51:45 IST" name="compareWeatherOutsideRange" finished-at="2021-10-04T17:52:03 IST" duration-ms="17381" status="FAIL">
          <exception class="java.lang.AssertionError">
            <message>
              <![CDATA[Temperature is Outside permissible Range]]>
            </message>
            <full-stacktrace>
              <![CDATA[java.lang.AssertionError: Temperature is Outside permissible Range
at com.test.WeatherComparisonTest.compareWeatherOutsideRange(WeatherComparisonTest.java:56)
at java.base/jdk.internal.reflect.NativeMethodAccessorImpl.invoke0(Native Method)
at java.base/jdk.internal.reflect.NativeMethodAccessorImpl.invoke(NativeMethodAccessorImpl.java:62)
at java.base/jdk.internal.reflect.DelegatingMethodAccessorImpl.invoke(DelegatingMethodAccessorImpl.java:43)
at java.base/java.lang.reflect.Method.invoke(Method.java:566)
at org.testng.internal.MethodInvocationHelper.invokeMethod(MethodInvocationHelper.java:133)
at org.testng.internal.TestInvoker.invokeMethod(TestInvoker.java:584)
at org.testng.internal.TestInvoker.invokeTestMethod(TestInvoker.java:172)
at org.testng.internal.MethodRunner.runInSequence(MethodRunner.java:46)
at org.testng.internal.TestInvoker$MethodInvocationAgent.invoke(TestInvoker.java:804)
at org.testng.internal.TestInvoker.invokeTestMethods(TestInvoker.java:145)
at org.testng.internal.TestMethodWorker.invokeTestMethods(TestMethodWorker.java:146)
at org.testng.internal.TestMethodWorker.run(TestMethodWorker.java:128)
at java.base/java.util.ArrayList.forEach(ArrayList.java:1541)
at org.testng.TestRunner.privateRun(TestRunner.java:770)
at org.testng.TestRunner.run(TestRunner.java:591)
at org.testng.SuiteRunner.runTest(SuiteRunner.java:402)
at org.testng.SuiteRunner.runSequentially(SuiteRunner.java:396)
at org.testng.SuiteRunner.privateRun(SuiteRunner.java:355)
at org.testng.SuiteRunner.run(SuiteRunner.java:304)
at org.testng.SuiteRunnerWorker.runSuite(SuiteRunnerWorker.java:53)
at org.testng.SuiteRunnerWorker.run(SuiteRunnerWorker.java:96)
at org.testng.TestNG.runSuitesSequentially(TestNG.java:1180)
at org.testng.TestNG.runSuitesLocally(TestNG.java:1102)
at org.testng.TestNG.runSuites(TestNG.java:1032)
at org.testng.TestNG.run(TestNG.java:1000)
at org.testng.remote.AbstractRemoteTestNG.run(AbstractRemoteTestNG.java:115)
at org.testng.remote.RemoteTestNG.initAndRun(RemoteTestNG.java:251)
at org.testng.remote.RemoteTestNG.main(RemoteTestNG.java:77)
]]>
            </full-stacktrace>
          </exception> <!-- java.lang.AssertionError -->
          <reporter-output>
          </reporter-output>
        </test-method> <!-- compareWeatherOutsideRange -->
        <test-method is-config="true" signature="closeBrowser()[pri:0, instance:com.test.WeatherComparisonTest@2c78324b]" started-at="2021-10-04T17:52:03 IST" name="closeBrowser" finished-at="2021-10-04T17:52:03 IST" duration-ms="687" status="PASS">
          <reporter-output>
          </reporter-output>
        </test-method> <!-- closeBrowser -->
      </class> <!-- com.test.WeatherComparisonTest -->
    </test> <!-- Default test -->
  </suite> <!-- Default suite -->
</testng-results>
